Arguments: 
  C:\Program Files\nodejs\node.exe C:\Users\deepakkumar.bohra\AppData\Roaming\npm\node_modules\yarn\bin\yarn.js run build

PATH: 
  C:\Program Files (x86)\Common Files\Oracle\Java\javapath;C:\WINDOWS\system32;C:\WINDOWS;C:\WINDOWS\System32\Wbem;C:\WINDOWS\System32\WindowsPowerShell\v1.0\;C:\WINDOWS\System32\OpenSSH\;C:\Windows\CCM;C:\Program Files\nodejs\;C:\Users\deepakkumar.bohra\AppData\Local\Microsoft\WindowsApps;;C:\Users\deepakkumar.bohra\AppData\Local\Programs\Microsoft VS Code\bin;C:\Users\deepakkumar.bohra\AppData\Roaming\npm

Yarn version: 
  1.17.3

Node version: 
  10.16.1

Platform: 
  win32 x64

Trace: 
  SyntaxError: C:\Users\deepakkumar.bohra\Projects\micro-frontend-vod\content\package.json: Unexpected token / in JSON at position 166
      at JSON.parse (<anonymous>)
      at C:\Users\deepakkumar.bohra\AppData\Roaming\npm\node_modules\yarn\lib\cli.js:1625:59
      at Generator.next (<anonymous>)
      at step (C:\Users\deepakkumar.bohra\AppData\Roaming\npm\node_modules\yarn\lib\cli.js:304:30)
      at C:\Users\deepakkumar.bohra\AppData\Roaming\npm\node_modules\yarn\lib\cli.js:315:13

npm manifest: 
  {
    "name": "demo-content",
    "version": "1.0.0",
    "description": "Static content for a micro frontends demo",
    "scripts": {
      "build": "node staticData.js",
      //"start": "serve -l 5000 -s data"
      "start": "serve --port 5000 --cors data"
    },
    "author": "Deepak Bohra",
    "license": "ISC"
  }

yarn manifest: 
  No manifest

Lockfile: 
  No lockfile
